[20-Jul-2025 18:06:52 UTC] PHP Warning:  require_once(/home/gallas/Bureau/sa/maxitsa_odc/public/../vendor/autoload.php): Failed to open stream: No such file or directory in /home/gallas/Bureau/sa/maxitsa_odc/public/index.php on line 12
[20-Jul-2025 18:06:52 UTC] PHP Fatal error:  Uncaught Error: Failed opening required '/home/gallas/Bureau/sa/maxitsa_odc/public/../vendor/autoload.php' (include_path='.:/usr/share/php') in /home/gallas/Bureau/sa/maxitsa_odc/public/index.php:12
Stack trace:
#0 {main}
  thrown in /home/gallas/Bureau/sa/maxitsa_odc/public/index.php on line 12
[20-Jul-2025 18:08:13 UTC] PHP Notice:  session_start(): Ignoring session_start() because a session is already active (started from /home/gallas/Bureau/sa/maxitsa_odc/app/core/abstract/AbstractController.php on line 3) in /home/gallas/Bureau/sa/maxitsa_odc/src/service/PersonneService.php on line 70
[20-Jul-2025 18:20:24 UTC] PersonneRepository::insert data: Array
(
    [id] => 1
    [telephone] => 782463262
    [password] => $2y$10$4gjCBMlGdqmPJ/LyfdrR8ufVNR0YsXdDHeQaK9KJyRLUVOXCZJXgi
    [num_identite] => 1111111111111
    [photo_recto] => /home/gallas/Bureau/sa/maxitsa_odc/src/controller/../../../public/images/uploads/img_687d336876ec07.79390880.png
    [photo_verso] => /home/gallas/Bureau/sa/maxitsa_odc/src/controller/../../../public/images/uploads/img_687d336876f387.73368026.png
    [prenom] => Fallou
    [nom] => Senghor
    [adresse] => Patte d'oie
    [type_personne] => client
    [comptes] => Array
        (
        )

)

[20-Jul-2025 18:22:22 UTC] PHP Notice:  session_start(): Ignoring session_start() because a session is already active (started from /home/gallas/Bureau/sa/maxitsa_odc/app/core/abstract/AbstractController.php on line 3) in /home/gallas/Bureau/sa/maxitsa_odc/src/service/PersonneService.php on line 70
[20-Jul-2025 18:23:01 UTC] PersonneRepository::insert data: Array
(
    [id] => 1
    [telephone] => 782463262
    [password] => $2y$10$6ecDcAysvd4jy3Q1Q/AwA.ABiBInusDJzLIk.UtinlaTgRWUy9tqi
    [num_identite] => 1233334333333
    [photo_recto] => /home/gallas/Bureau/sa/maxitsa_odc/src/controller/../../../public/images/uploads/img_687d34054cdec7.45680873.png
    [photo_verso] => /home/gallas/Bureau/sa/maxitsa_odc/src/controller/../../../public/images/uploads/img_687d34054ce583.67018145.png
    [prenom] => Fallou
    [nom] => Senghor
    [adresse] => Patte d'oie
    [type_personne] => client
    [comptes] => Array
        (
        )

)

[20-Jul-2025 18:23:29 UTC] PHP Notice:  session_start(): Ignoring session_start() because a session is already active (started from /home/gallas/Bureau/sa/maxitsa_odc/app/core/abstract/AbstractController.php on line 3) in /home/gallas/Bureau/sa/maxitsa_odc/src/service/PersonneService.php on line 70
[20-Jul-2025 18:23:59 UTC] PHP Notice:  session_start(): Ignoring session_start() because a session is already active (started from /home/gallas/Bureau/sa/maxitsa_odc/app/core/abstract/AbstractController.php on line 3) in /home/gallas/Bureau/sa/maxitsa_odc/src/service/PersonneService.php on line 70
